[2024-01-25 12:00:24,821: INFO: config: PyTorch version 2.1.2 available.]
[2024-01-25 12:00:24,824: INFO: config: TensorFlow version 2.13.0 available.]
[2024-01-25 13:02:44,238: INFO: utils: yaml file: config\config.yaml loaded successfully]
[2024-01-25 13:02:44,249: INFO: utils: yaml file: params.yaml loaded successfully]
[2024-01-25 13:02:44,249: INFO: utils: created directory at: artifacts]
[2024-01-25 13:02:44,252: INFO: utils: created directory at: artifacts/data_ingestion]
[2024-01-25 13:03:19,542: INFO: utils: yaml file: config\config.yaml loaded successfully]
[2024-01-25 13:03:19,542: INFO: utils: yaml file: params.yaml loaded successfully]
[2024-01-25 13:03:19,549: INFO: utils: created directory at: artifacts]
[2024-01-25 13:03:19,549: INFO: utils: created directory at: artifacts/data_ingestion]
[2024-01-25 13:03:48,731: INFO: utils: yaml file: config\config.yaml loaded successfully]
[2024-01-25 13:03:48,739: INFO: utils: yaml file: params.yaml loaded successfully]
[2024-01-25 13:03:48,739: INFO: utils: created directory at: artifacts]
[2024-01-25 13:03:48,739: INFO: utils: created directory at: artifacts/data_ingestion]
[2024-01-25 13:07:24,495: INFO: utils: yaml file: config\config.yaml loaded successfully]
[2024-01-25 13:07:24,503: INFO: utils: yaml file: params.yaml loaded successfully]
[2024-01-25 13:07:24,503: INFO: utils: created directory at: artifacts]
[2024-01-25 13:07:24,503: INFO: utils: created directory at: artifacts/data_ingestion]
[2024-01-25 13:07:24,503: INFO: 978779355: File already exists of size: ~ 0 KB]
[2024-01-25 13:07:49,375: INFO: utils: yaml file: config\config.yaml loaded successfully]
[2024-01-25 13:07:49,383: INFO: utils: yaml file: params.yaml loaded successfully]
[2024-01-25 13:07:49,383: INFO: utils: created directory at: artifacts]
[2024-01-25 13:07:49,383: INFO: utils: created directory at: artifacts/data_ingestion]
[2024-01-25 13:07:49,383: INFO: 978779355: File already exists of size: ~ 0 KB]
[2024-01-25 13:08:20,212: INFO: utils: yaml file: config\config.yaml loaded successfully]
[2024-01-25 13:08:20,220: INFO: utils: yaml file: params.yaml loaded successfully]
[2024-01-25 13:08:20,220: INFO: utils: created directory at: artifacts]
[2024-01-25 13:08:20,220: INFO: utils: created directory at: artifacts/data_ingestion]
[2024-01-25 13:08:20,220: INFO: 978779355: File already exists of size: ~ 0 KB]
[2024-01-25 13:09:54,370: INFO: utils: yaml file: config\config.yaml loaded successfully]
[2024-01-25 13:09:54,376: INFO: utils: yaml file: params.yaml loaded successfully]
[2024-01-25 13:09:54,376: INFO: utils: created directory at: artifacts]
[2024-01-25 13:09:54,376: INFO: utils: created directory at: artifacts/data_ingestion]
[2024-01-25 13:09:54,376: INFO: 978779355: File already exists of size: ~ 0 KB]
[2024-01-25 13:10:21,472: INFO: utils: yaml file: config\config.yaml loaded successfully]
[2024-01-25 13:10:21,480: INFO: utils: yaml file: params.yaml loaded successfully]
[2024-01-25 13:10:21,487: INFO: utils: created directory at: artifacts]
[2024-01-25 13:10:21,487: INFO: utils: created directory at: artifacts/data_ingestion]
[2024-01-25 13:10:21,487: INFO: 978779355: File already exists of size: ~ 0 KB]
[2024-01-25 16:10:41,221: INFO: utils: yaml file: config\config.yaml loaded successfully]
[2024-01-25 16:10:41,221: INFO: utils: yaml file: params.yaml loaded successfully]
[2024-01-25 16:10:41,230: INFO: utils: created directory at: artifacts]
[2024-01-25 16:10:41,230: INFO: utils: created directory at: artifacts/data_ingestion]
[2024-01-25 16:10:58,976: INFO: config: PyTorch version 2.1.2 available.]
[2024-01-25 16:10:58,980: INFO: config: TensorFlow version 2.13.0 available.]
[2024-01-25 16:11:08,036: INFO: utils: yaml file: config\config.yaml loaded successfully]
[2024-01-25 16:11:08,036: INFO: utils: yaml file: params.yaml loaded successfully]
[2024-01-25 16:11:08,036: INFO: utils: created directory at: artifacts]
[2024-01-25 16:11:08,044: INFO: utils: created directory at: artifacts/data_ingestion]
[2024-01-25 16:13:56,568: INFO: utils: yaml file: config\config.yaml loaded successfully]
[2024-01-25 16:13:56,568: INFO: utils: yaml file: params.yaml loaded successfully]
[2024-01-25 16:13:56,576: INFO: utils: created directory at: artifacts]
[2024-01-25 16:13:56,576: INFO: utils: created directory at: artifacts/data_ingestion]
[2024-01-25 16:13:56,581: INFO: 978779355: File already exists of size: ~ 0 KB]
[2024-01-25 16:16:11,976: INFO: utils: yaml file: config\config.yaml loaded successfully]
[2024-01-25 16:16:11,983: INFO: utils: yaml file: params.yaml loaded successfully]
[2024-01-25 16:16:11,983: INFO: utils: created directory at: artifacts]
[2024-01-25 16:16:11,991: INFO: utils: created directory at: artifacts/data_ingestion]
[2024-01-25 16:18:48,308: INFO: utils: yaml file: config\config.yaml loaded successfully]
[2024-01-25 16:18:48,316: INFO: utils: yaml file: params.yaml loaded successfully]
[2024-01-25 16:18:48,316: INFO: utils: created directory at: artifacts]
[2024-01-25 16:18:48,316: INFO: utils: created directory at: artifacts/data_ingestion]
[2024-01-25 16:22:16,500: INFO: utils: yaml file: config\config.yaml loaded successfully]
[2024-01-25 16:22:16,500: INFO: utils: yaml file: params.yaml loaded successfully]
[2024-01-25 16:22:16,500: INFO: utils: created directory at: artifacts]
[2024-01-25 16:22:16,508: INFO: utils: created directory at: artifacts/data_validation]
[2024-01-25 16:24:13,311: INFO: config: PyTorch version 2.1.2 available.]
[2024-01-25 16:24:13,319: INFO: config: TensorFlow version 2.13.0 available.]
[2024-01-25 16:29:21,225: INFO: utils: yaml file: config\config.yaml loaded successfully]
[2024-01-25 16:29:21,230: INFO: utils: yaml file: params.yaml loaded successfully]
[2024-01-25 16:29:21,230: INFO: utils: created directory at: artifacts]
[2024-01-25 16:29:21,230: INFO: utils: created directory at: artifacts/data_ingestion]
[2024-01-25 16:30:44,785: INFO: utils: yaml file: config\config.yaml loaded successfully]
[2024-01-25 16:30:44,793: INFO: utils: yaml file: params.yaml loaded successfully]
[2024-01-25 16:30:44,793: INFO: utils: created directory at: artifacts]
[2024-01-25 16:30:44,793: INFO: utils: created directory at: artifacts/data_ingestion]
[2024-01-25 16:32:02,413: INFO: utils: yaml file: config\config.yaml loaded successfully]
[2024-01-25 16:32:02,416: INFO: utils: yaml file: params.yaml loaded successfully]
[2024-01-25 16:32:02,420: INFO: utils: created directory at: artifacts]
[2024-01-25 16:32:02,420: INFO: utils: created directory at: artifacts/data_validation]
[2024-01-25 16:33:13,833: INFO: config: PyTorch version 2.1.2 available.]
[2024-01-25 16:33:13,833: INFO: config: TensorFlow version 2.13.0 available.]
[2024-01-25 16:40:31,691: INFO: utils: yaml file: config\config.yaml loaded successfully]
[2024-01-25 16:40:31,704: INFO: utils: yaml file: params.yaml loaded successfully]
[2024-01-25 16:40:31,707: INFO: utils: created directory at: artifacts]
[2024-01-25 16:40:31,715: INFO: utils: created directory at: artifacts/data_transformation]
[2024-01-25 16:47:00,615: INFO: utils: yaml file: config\config.yaml loaded successfully]
[2024-01-25 16:47:00,615: INFO: utils: yaml file: params.yaml loaded successfully]
[2024-01-25 16:47:00,623: INFO: utils: created directory at: artifacts]
[2024-01-25 16:47:00,623: INFO: utils: created directory at: artifacts/data_transformation]
[2024-01-25 16:56:51,127: INFO: config: PyTorch version 2.1.2 available.]
[2024-01-25 16:56:51,127: INFO: config: TensorFlow version 2.13.0 available.]
[2024-01-25 17:04:34,325: INFO: utils: yaml file: config\config.yaml loaded successfully]
[2024-01-25 17:04:34,341: INFO: utils: yaml file: params.yaml loaded successfully]
[2024-01-25 17:04:34,341: INFO: utils: created directory at: artifacts]
[2024-01-25 17:04:34,341: INFO: utils: created directory at: artifacts/model_trainer]
[2024-01-25 18:48:08,411: INFO: config: PyTorch version 2.1.2 available.]
[2024-01-25 18:48:08,411: INFO: config: TensorFlow version 2.13.0 available.]
[2024-01-25 18:48:28,456: INFO: utils: yaml file: config\config.yaml loaded successfully]
[2024-01-25 18:48:28,456: INFO: utils: yaml file: params.yaml loaded successfully]
[2024-01-25 18:48:28,456: INFO: utils: created directory at: artifacts]
[2024-01-25 18:48:28,456: INFO: utils: created directory at: artifacts/model_trainer]
[2024-01-25 18:49:46,286: INFO: utils: yaml file: config\config.yaml loaded successfully]
[2024-01-25 18:49:46,286: INFO: utils: yaml file: params.yaml loaded successfully]
[2024-01-25 18:49:46,294: INFO: utils: created directory at: artifacts]
[2024-01-25 18:49:46,294: INFO: utils: created directory at: artifacts/model_trainer]
[2024-01-25 18:52:11,325: INFO: utils: yaml file: config\config.yaml loaded successfully]
[2024-01-25 18:52:11,325: INFO: utils: yaml file: params.yaml loaded successfully]
[2024-01-25 18:52:11,334: INFO: utils: created directory at: artifacts]
[2024-01-25 18:52:11,334: INFO: utils: created directory at: artifacts/model_trainer]
[2024-01-25 18:56:21,250: INFO: config: PyTorch version 2.1.2 available.]
[2024-01-25 18:56:21,265: INFO: config: TensorFlow version 2.13.0 available.]
[2024-01-25 19:12:58,931: INFO: utils: yaml file: config\config.yaml loaded successfully]
[2024-01-25 19:12:58,931: INFO: utils: yaml file: params.yaml loaded successfully]
[2024-01-25 19:12:58,931: INFO: utils: created directory at: artifacts]
[2024-01-25 19:12:58,939: INFO: utils: created directory at: artifacts/model_trainer]
[2024-01-25 19:30:16,479: INFO: config: PyTorch version 2.1.2 available.]
[2024-01-25 19:30:16,479: INFO: config: TensorFlow version 2.13.0 available.]
[2024-01-25 19:30:35,374: INFO: utils: yaml file: config\config.yaml loaded successfully]
[2024-01-25 19:30:35,374: INFO: utils: yaml file: params.yaml loaded successfully]
[2024-01-25 19:30:35,374: INFO: utils: created directory at: artifacts]
[2024-01-25 19:30:35,390: INFO: utils: created directory at: artifacts/model_evaluation]
[2024-01-25 19:33:25,244: INFO: utils: yaml file: config\config.yaml loaded successfully]
[2024-01-25 19:33:25,244: INFO: utils: yaml file: params.yaml loaded successfully]
[2024-01-25 19:33:25,244: INFO: utils: created directory at: artifacts]
[2024-01-25 19:33:25,252: INFO: utils: created directory at: artifacts/model_evaluation]
[2024-01-25 19:34:13,980: INFO: utils: yaml file: config\config.yaml loaded successfully]
[2024-01-25 19:34:13,985: INFO: utils: yaml file: params.yaml loaded successfully]
[2024-01-25 19:34:13,985: INFO: utils: created directory at: artifacts]
[2024-01-25 19:34:13,993: INFO: utils: created directory at: artifacts/model_evaluation]
[2024-01-25 19:38:13,960: INFO: utils: yaml file: config\config.yaml loaded successfully]
[2024-01-25 19:38:13,960: INFO: utils: yaml file: params.yaml loaded successfully]
[2024-01-25 19:38:13,967: INFO: utils: created directory at: artifacts]
[2024-01-25 19:38:13,967: INFO: utils: created directory at: artifacts/model_evaluation]
[2024-01-25 19:39:01,698: INFO: utils: yaml file: config\config.yaml loaded successfully]
[2024-01-25 19:39:01,706: INFO: utils: yaml file: params.yaml loaded successfully]
[2024-01-25 19:39:01,706: INFO: utils: created directory at: artifacts]
[2024-01-25 19:39:01,706: INFO: utils: created directory at: artifacts/model_evaluation]
[2024-01-25 19:39:47,311: INFO: utils: yaml file: config\config.yaml loaded successfully]
[2024-01-25 19:39:47,311: INFO: utils: yaml file: params.yaml loaded successfully]
[2024-01-25 19:39:47,319: INFO: utils: created directory at: artifacts]
[2024-01-25 19:39:47,319: INFO: utils: created directory at: artifacts/model_evaluation]
[2024-01-25 19:42:31,407: INFO: utils: yaml file: config\config.yaml loaded successfully]
[2024-01-25 19:42:31,407: INFO: utils: yaml file: params.yaml loaded successfully]
[2024-01-25 19:42:31,415: INFO: utils: created directory at: artifacts]
[2024-01-25 19:42:31,415: INFO: utils: created directory at: artifacts/data_ingestion]
[2024-01-25 19:43:02,598: INFO: utils: yaml file: config\config.yaml loaded successfully]
[2024-01-25 19:43:02,605: INFO: utils: yaml file: params.yaml loaded successfully]
[2024-01-25 19:43:02,607: INFO: utils: created directory at: artifacts]
[2024-01-25 19:43:02,610: INFO: utils: created directory at: artifacts/data_validation]
[2024-01-25 19:44:10,557: INFO: config: PyTorch version 2.1.2 available.]
[2024-01-25 19:44:10,557: INFO: config: TensorFlow version 2.13.0 available.]
[2024-01-25 19:44:12,122: INFO: utils: yaml file: config\config.yaml loaded successfully]
[2024-01-25 19:44:12,122: INFO: utils: yaml file: params.yaml loaded successfully]
[2024-01-25 19:44:12,136: INFO: utils: created directory at: artifacts]
[2024-01-25 19:44:12,136: INFO: utils: created directory at: artifacts/data_transformation]
[2024-01-25 19:59:11,996: INFO: config: PyTorch version 2.1.2 available.]
[2024-01-25 19:59:12,012: INFO: config: TensorFlow version 2.13.0 available.]
[2024-01-25 19:59:31,836: INFO: utils: yaml file: config\config.yaml loaded successfully]
[2024-01-25 19:59:31,840: INFO: utils: yaml file: params.yaml loaded successfully]
[2024-01-25 19:59:31,840: INFO: utils: created directory at: artifacts]
[2024-01-25 19:59:31,840: INFO: utils: created directory at: artifacts/model_trainer]
[2024-01-25 20:07:21,708: INFO: utils: yaml file: config\config.yaml loaded successfully]
[2024-01-25 20:07:21,723: INFO: utils: yaml file: params.yaml loaded successfully]
[2024-01-25 20:07:21,724: INFO: utils: created directory at: artifacts]
[2024-01-25 20:07:21,724: INFO: utils: created directory at: artifacts/data_ingestion]
[2024-01-25 20:07:34,587: INFO: stage_01_data_ingestion:  download! with following info:]
[2024-01-25 20:10:05,948: INFO: utils: yaml file: config\config.yaml loaded successfully]
[2024-01-25 20:10:05,948: INFO: utils: yaml file: params.yaml loaded successfully]
[2024-01-25 20:10:05,948: INFO: utils: created directory at: artifacts]
[2024-01-25 20:10:05,948: INFO: utils: created directory at: artifacts/data_validation]
[2024-01-25 20:13:03,706: INFO: config: PyTorch version 2.1.2 available.]
[2024-01-25 20:13:03,706: INFO: config: TensorFlow version 2.13.0 available.]
[2024-01-25 20:13:03,920: INFO: utils: yaml file: config\config.yaml loaded successfully]
[2024-01-25 20:13:03,920: INFO: utils: yaml file: params.yaml loaded successfully]
[2024-01-25 20:13:03,920: INFO: utils: created directory at: artifacts]
[2024-01-25 20:13:03,920: INFO: utils: created directory at: artifacts/data_transformation]
[2024-01-25 20:20:53,894: INFO: config: PyTorch version 2.1.2 available.]
[2024-01-25 20:20:53,894: INFO: config: TensorFlow version 2.13.0 available.]
[2024-01-25 20:20:54,067: INFO: utils: yaml file: config\config.yaml loaded successfully]
[2024-01-25 20:20:54,067: INFO: utils: yaml file: params.yaml loaded successfully]
[2024-01-25 20:20:54,067: INFO: utils: created directory at: artifacts]
[2024-01-25 20:20:54,067: INFO: utils: created directory at: artifacts/model_trainer]
[2024-01-25 20:48:15,603: INFO: utils: yaml file: config\config.yaml loaded successfully]
[2024-01-25 20:48:15,603: INFO: utils: yaml file: params.yaml loaded successfully]
[2024-01-25 20:48:15,603: INFO: utils: created directory at: artifacts]
[2024-01-25 20:48:15,603: INFO: utils: created directory at: artifacts/data_ingestion]
[2024-01-25 20:48:15,603: INFO: stage_01_data_ingestion: File already exists of size: ~ 0 KB]
[2024-01-25 20:49:10,840: INFO: utils: yaml file: config\config.yaml loaded successfully]
[2024-01-25 20:49:10,840: INFO: utils: yaml file: params.yaml loaded successfully]
[2024-01-25 20:49:10,840: INFO: utils: created directory at: artifacts]
[2024-01-25 20:49:10,840: INFO: utils: created directory at: artifacts/data_validation]
[2024-01-25 20:50:11,067: INFO: config: PyTorch version 2.1.2 available.]
[2024-01-25 20:50:11,067: INFO: config: TensorFlow version 2.13.0 available.]
[2024-01-25 20:50:11,272: INFO: utils: yaml file: config\config.yaml loaded successfully]
[2024-01-25 20:50:11,287: INFO: utils: yaml file: params.yaml loaded successfully]
[2024-01-25 20:50:11,287: INFO: utils: created directory at: artifacts]
[2024-01-25 20:50:11,287: INFO: utils: created directory at: artifacts/data_transformation]
[2024-01-25 20:57:13,303: INFO: config: PyTorch version 2.1.2 available.]
[2024-01-25 20:57:13,303: INFO: config: TensorFlow version 2.13.0 available.]
[2024-01-25 20:57:13,477: INFO: utils: yaml file: config\config.yaml loaded successfully]
[2024-01-25 20:57:13,477: INFO: utils: yaml file: params.yaml loaded successfully]
[2024-01-25 20:57:13,477: INFO: utils: created directory at: artifacts]
[2024-01-25 20:57:13,477: INFO: utils: created directory at: artifacts/model_trainer]
[2024-01-25 20:59:08,995: INFO: utils: yaml file: config\config.yaml loaded successfully]
[2024-01-25 20:59:08,995: INFO: utils: yaml file: params.yaml loaded successfully]
[2024-01-25 20:59:08,995: INFO: utils: created directory at: artifacts]
[2024-01-25 20:59:08,995: INFO: utils: created directory at: artifacts/data_ingestion]
[2024-01-25 20:59:08,995: INFO: stage_01_data_ingestion: File already exists of size: ~ 0 KB]
[2024-01-25 20:59:09,001: INFO: utils: yaml file: config\config.yaml loaded successfully]
[2024-01-25 20:59:09,001: INFO: utils: yaml file: params.yaml loaded successfully]
[2024-01-25 20:59:09,001: INFO: utils: created directory at: artifacts]
[2024-01-25 20:59:09,001: INFO: utils: created directory at: artifacts/data_validation]
[2024-01-25 20:59:11,073: INFO: utils: yaml file: config\config.yaml loaded successfully]
[2024-01-25 20:59:11,073: INFO: utils: yaml file: params.yaml loaded successfully]
[2024-01-25 20:59:11,073: INFO: utils: created directory at: artifacts]
[2024-01-25 20:59:11,073: INFO: utils: created directory at: artifacts/data_transformation]
[2024-01-25 20:59:18,529: INFO: utils: yaml file: config\config.yaml loaded successfully]
[2024-01-25 20:59:18,529: INFO: utils: yaml file: params.yaml loaded successfully]
[2024-01-25 20:59:18,529: INFO: utils: created directory at: artifacts]
[2024-01-25 20:59:18,529: INFO: utils: created directory at: artifacts/model_trainer]
[2024-01-25 21:03:46,985: INFO: server: Started server process [20484]]
[2024-01-25 21:03:46,985: INFO: on: Waiting for application startup.]
[2024-01-25 21:03:46,992: INFO: on: Application startup complete.]
[2024-01-25 21:03:46,992: INFO: server: Uvicorn running on http://0.0.0.0:8080 (Press CTRL+C to quit)]
[2024-01-25 21:04:19,346: INFO: utils: yaml file: config\config.yaml loaded successfully]
[2024-01-25 21:04:19,351: INFO: utils: yaml file: params.yaml loaded successfully]
[2024-01-25 21:04:19,351: INFO: utils: created directory at: artifacts]
[2024-01-25 21:04:19,356: INFO: utils: created directory at: artifacts/model_evaluation]
[2024-01-25 21:04:23,333: ERROR: h11_impl: Exception in ASGI application
]
Traceback (most recent call last):
  File "C:\Users\Devendra\anaconda3\envs\LanguageTranslation\lib\site-packages\uvicorn\protocols\http\h11_impl.py", line 404, in run_asgi
    result = await app(  # type: ignore[func-returns-value]
  File "C:\Users\Devendra\anaconda3\envs\LanguageTranslation\lib\site-packages\uvicorn\middleware\proxy_headers.py", line 78, in __call__
    return await self.app(scope, receive, send)
  File "C:\Users\Devendra\anaconda3\envs\LanguageTranslation\lib\site-packages\fastapi\applications.py", line 269, in __call__
    await super().__call__(scope, receive, send)
  File "C:\Users\Devendra\anaconda3\envs\LanguageTranslation\lib\site-packages\starlette\applications.py", line 124, in __call__
    await self.middleware_stack(scope, receive, send)
  File "C:\Users\Devendra\anaconda3\envs\LanguageTranslation\lib\site-packages\starlette\middleware\errors.py", line 184, in __call__
    raise exc
  File "C:\Users\Devendra\anaconda3\envs\LanguageTranslation\lib\site-packages\starlette\middleware\errors.py", line 162, in __call__
    await self.app(scope, receive, _send)
  File "C:\Users\Devendra\anaconda3\envs\LanguageTranslation\lib\site-packages\starlette\exceptions.py", line 93, in __call__
    raise exc
  File "C:\Users\Devendra\anaconda3\envs\LanguageTranslation\lib\site-packages\starlette\exceptions.py", line 82, in __call__
    await self.app(scope, receive, sender)
  File "C:\Users\Devendra\anaconda3\envs\LanguageTranslation\lib\site-packages\fastapi\middleware\asyncexitstack.py", line 21, in __call__
    raise e
  File "C:\Users\Devendra\anaconda3\envs\LanguageTranslation\lib\site-packages\fastapi\middleware\asyncexitstack.py", line 18, in __call__
    await self.app(scope, receive, send)
  File "C:\Users\Devendra\anaconda3\envs\LanguageTranslation\lib\site-packages\starlette\routing.py", line 670, in __call__
    await route.handle(scope, receive, send)
  File "C:\Users\Devendra\anaconda3\envs\LanguageTranslation\lib\site-packages\starlette\routing.py", line 266, in handle
    await self.app(scope, receive, send)
  File "C:\Users\Devendra\anaconda3\envs\LanguageTranslation\lib\site-packages\starlette\routing.py", line 65, in app
    response = await func(request)
  File "C:\Users\Devendra\anaconda3\envs\LanguageTranslation\lib\site-packages\fastapi\routing.py", line 227, in app
    raw_response = await run_endpoint_function(
  File "C:\Users\Devendra\anaconda3\envs\LanguageTranslation\lib\site-packages\fastapi\routing.py", line 160, in run_endpoint_function
    return await dependant.call(**values)
  File "app.py", line 40, in predict_route
    raise e
  File "app.py", line 37, in predict_route
    text = obj.predict(text)
  File "c:\users\devendra\projects\languagetranslation\src\LanguageTranslation\pipeline\prediction.py", line 21, in predict
    output = pipe(text, **gen_kwargs)[0]["summary_text"]
KeyError: 'summary_text'
[2024-01-25 21:05:20,721: INFO: server: Shutting down]
[2024-01-25 21:05:20,896: INFO: on: Waiting for application shutdown.]
[2024-01-25 21:05:20,907: INFO: on: Application shutdown complete.]
[2024-01-25 21:05:20,907: INFO: server: Finished server process [20484]]
